(c) Copyright IBM Corporation 1993,2007
Command Line Processor for DB2 Client 11.5.4.0

You can issue database manager commands and SQL statements from the command 
prompt. For example:
    db2 => connect to sample
    db2 => bind sample.bnd

For general help, type: ?.
For command help, type: ? command, where command can be
the first few keywords of a database manager command. For example:
 ? CATALOG DATABASE for help on the CATALOG DATABASE command
 ? CATALOG          for help on all of the CATALOG commands.

To exit db2 interactive mode, type QUIT at the command prompt. Outside 
interactive mode, all commands must be prefixed with 'db2'.
To list the current command option settings, type LIST COMMAND OPTIONS.

For more detailed help, refer to the Online Reference Manual.

db2 => db2 => db2 => db2 => db2 => CONNECT TO cs421

   Database Connection Information

 Database server        = DB2/LINUXX8664 11.5.4.0
 SQL authorization ID   = JTANG38
 Local database alias   = CS421


db2 => db2 => db2 => db2 => db2 => db2 => db2 => db2 (cont.) => db2 (cont.) => db2 (cont.) => db2 (cont.) => CREATE TABLE Categories( name varchar(25) not null, priority INT check(priority >= 0), PRIMARY KEY (name) )
DB20000I  The SQL command completed successfully.

db2 => db2 (cont.) => db2 (cont.) => db2 (cont.) => db2 (cont.) => db2 (cont.) => db2 (cont.) => db2 (cont.) => db2 (cont.) => db2 (cont.) => db2 (cont.) => db2 (cont.) => db2 (cont.) => db2 (cont.) => db2 (cont.) => CREATE TABLE People( hinsurnum char(12) not null, name varchar(30) not null, phone varchar(12), city varchar(25), streetaddr varchar(50), postalcode char(6), dateofbirth DATE not null, gender varchar(6) not null check(gender IN ('male', 'female', 'other')), regdate DATE not null, cname varchar(25) not null, PRIMARY KEY (hinsurnum), FOREIGN KEY (cname) REFERENCES Categories(name), check(dateofbirth <= regdate) )
DB20000I  The SQL command completed successfully.

db2 => db2 (cont.) => db2 (cont.) => db2 (cont.) => db2 (cont.) => db2 (cont.) => db2 (cont.) => CREATE TABLE Locations( name varchar(30) not null, streetaddr varchar(50) not null, city varchar(25), postalcode char(6) not null, PRIMARY KEY (name) )
DB20000I  The SQL command completed successfully.

db2 => db2 (cont.) => db2 (cont.) => db2 (cont.) => db2 (cont.) => CREATE TABLE Hospitals( name varchar(30) not null, PRIMARY KEY (name), FOREIGN KEY (name) REFERENCES Locations(name) )
DB20000I  The SQL command completed successfully.

db2 => db2 (cont.) => db2 (cont.) => db2 (cont.) => db2 (cont.) => db2 (cont.) => db2 (cont.) => CREATE TABLE Nurses( licenseno char(10) not null, name varchar(30) not null, hospname varchar(30) not null, PRIMARY KEY (licenseno), FOREIGN KEY (hospname) REFERENCES Hospitals(name) )
DB20000I  The SQL command completed successfully.

db2 => db2 (cont.) => db2 (cont.) => db2 (cont.) => db2 (cont.) => db2 (cont.) => CREATE TABLE WorkingDays( locname varchar(30) not null, date DATE not null, PRIMARY KEY (locname, date), FOREIGN KEY (locname) REFERENCES Locations(name) )
DB20000I  The SQL command completed successfully.

db2 => db2 (cont.) => db2 (cont.) => db2 (cont.) => db2 (cont.) => db2 (cont.) => CREATE TABLE Vaccines( name varchar(30) not null, numdoses INT not null check(numdoses > 0), waitingperiod INT not null check(waitingperiod > 0), PRIMARY KEY (name) )
DB20000I  The SQL command completed successfully.

db2 => db2 (cont.) => db2 (cont.) => db2 (cont.) => db2 (cont.) => db2 (cont.) => db2 (cont.) => db2 (cont.) => db2 (cont.) => db2 (cont.) => db2 (cont.) => CREATE TABLE Batches( name varchar(30) not null, batchnum INT not null check(batchnum >= 0), manufacdate DATE not null, expirydate DATE not null, numvials INT not null check(numvials > 0), locname varchar(30) not null, PRIMARY KEY (name, batchnum), FOREIGN KEY (name) REFERENCES Vaccines(name), FOREIGN KEY (locname) REFERENCES Locations(name) )
DB20000I  The SQL command completed successfully.

db2 => db2 (cont.) => db2 (cont.) => db2 (cont.) => db2 (cont.) => db2 (cont.) => db2 (cont.) => CREATE TABLE Vials( name varchar(30) not null, batchnum int not null, num INT not null check(num >= 0), PRIMARY KEY (name, batchnum, num), FOREIGN KEY (name, batchnum) REFERENCES Batches(name, batchnum) )
DB20000I  The SQL command completed successfully.

db2 => db2 (cont.) => db2 (cont.) => db2 (cont.) => db2 (cont.) => db2 (cont.) => db2 (cont.) => db2 (cont.) => db2 (cont.) => db2 (cont.) => db2 (cont.) => db2 (cont.) => db2 (cont.) => db2 (cont.) => db2 (cont.) => db2 (cont.) => db2 (cont.) => db2 (cont.) => CREATE TABLE Slots( locname varchar(30) not null, date DATE not null, time TIME not null, tentnum INT not null check(tentnum >= 0), hinsurnum char(12), allocdate DATE, licenseno char(12), vname varchar(30), batchnum INT, num INT, PRIMARY KEY (locname, date, time, tentnum), FOREIGN KEY (locname, date) REFERENCES WorkingDays(locname, date), FOREIGN KEY (hinsurnum) REFERENCES People(hinsurnum), FOREIGN KEY (licenseno) REFERENCES Nurses(licenseno), FOREIGN KEY (vname, batchnum, num) REFERENCES Vials(name, batchnum, num), check(allocdate <= date) )
DB20000I  The SQL command completed successfully.

db2 => db2 (cont.) => db2 (cont.) => db2 (cont.) => db2 (cont.) => db2 (cont.) => db2 (cont.) => db2 (cont.) => CREATE TABLE NurseDay( licenseno char(12) not null, locname varchar(30) not null, date DATE not null, PRIMARY KEY (licenseno, locname, date), FOREIGN KEY (licenseno) REFERENCES Nurses(licenseno), FOREIGN KEY (locname, date) REFERENCES WorkingDays(locname, date) )
DB20000I  The SQL command completed successfully.

db2 => 